<?xml version="1.0" encoding="UTF-8"?>
<testng-results ignored="0" total="1" passed="1" failed="0" skipped="0">
  <reporter-output>
  </reporter-output>
  <suite started-at="2025-04-14T17:37:04 EDT" name="Default suite" finished-at="2025-04-14T17:37:08 EDT" duration-ms="4052">
    <groups>
    </groups>
    <test started-at="2025-04-14T17:37:04 EDT" name="Default test" finished-at="2025-04-14T17:37:08 EDT" duration-ms="4052">
      <class name="tests.LoginTest">
        <test-method is-config="true" signature="setup()[pri:0, instance:tests.LoginTest@65fb9ffc]" started-at="2025-04-14T17:37:04 EDT" name="setup" finished-at="2025-04-14T17:37:07 EDT" duration-ms="2752" status="PASS">
          <reporter-output>
          </reporter-output>
        </test-method> <!-- setup -->
        <test-method signature="testLogin()[pri:0, instance:tests.LoginTest@65fb9ffc]" started-at="2025-04-14T17:37:07 EDT" name="testLogin" finished-at="2025-04-14T17:37:08 EDT" duration-ms="1194" status="PASS">
          <reporter-output>
          </reporter-output>
        </test-method> <!-- testLogin -->
        <test-method is-config="true" signature="tearDown()[pri:0, instance:tests.LoginTest@65fb9ffc]" started-at="2025-04-14T17:37:08 EDT" name="tearDown" finished-at="2025-04-14T17:37:08 EDT" duration-ms="87" status="PASS">
          <reporter-output>
          </reporter-output>
        </test-method> <!-- tearDown -->
      </class> <!-- tests.LoginTest -->
    </test> <!-- Default test -->
  </suite> <!-- Default suite -->
</testng-results>
